<?xml version="1.0" encoding="utf-8"?><testsuites name="pytest tests"><testsuite name="pytest" errors="0" failures="0" skipped="0" tests="21" time="3.745" timestamp="2026-01-27T11:47:17.125642+00:00" hostname="agent-env-47b995eb-99f7-484b-a63a-71a292fbaace"><testcase classname="backend.tests.test_all_investors.TestAllInvestorsAccessControl" name="test_admin_can_access_all_investors" time="0.349" /><testcase classname="backend.tests.test_all_investors.TestAllInvestorsAccessControl" name="test_non_admin_gets_403" time="2.366" /><testcase classname="backend.tests.test_all_investors.TestAllInvestorsAccessControl" name="test_unauthenticated_gets_401" time="0.038" /><testcase classname="backend.tests.test_all_investors.TestAllInvestorsDataStructure" name="test_response_contains_required_fields" time="0.046" /><testcase classname="backend.tests.test_all_investors.TestAllInvestorsDataStructure" name="test_investor_has_required_columns" time="0.039" /><testcase classname="backend.tests.test_all_investors.TestAllInvestorsDataStructure" name="test_filter_options_structure" time="0.042" /><testcase classname="backend.tests.test_all_investors.TestAllInvestorsEnrichedData" name="test_evidence_count_included" time="0.039" /><testcase classname="backend.tests.test_all_investors.TestAllInvestorsEnrichedData" name="test_latest_evidence_date_included" time="0.036" /><testcase classname="backend.tests.test_all_investors.TestAllInvestorsEnrichedData" name="test_assigned_funds_count_and_names" time="0.043" /><testcase classname="backend.tests.test_all_investors.TestAllInvestorsEnrichedData" name="test_investor_with_evidence_has_correct_count" time="0.036" /><testcase classname="backend.tests.test_all_investors.TestAllInvestorsFilters" name="test_investor_type_filter" time="0.042" /><testcase classname="backend.tests.test_all_investors.TestAllInvestorsFilters" name="test_country_filter" time="0.083" /><testcase classname="backend.tests.test_all_investors.TestAllInvestorsFilters" name="test_assigned_filter_assigned" time="0.047" /><testcase classname="backend.tests.test_all_investors.TestAllInvestorsFilters" name="test_assigned_filter_unassigned" time="0.043" /><testcase classname="backend.tests.test_all_investors.TestAllInvestorsFilters" name="test_fund_filter" time="0.081" /><testcase classname="backend.tests.test_all_investors.TestAllInvestorsFilters" name="test_search_filter" time="0.038" /><testcase classname="backend.tests.test_all_investors.TestAllInvestorsSorting" name="test_sort_by_created_at_desc" time="0.036" /><testcase classname="backend.tests.test_all_investors.TestAllInvestorsSorting" name="test_sort_by_investor_name_asc" time="0.039" /><testcase classname="backend.tests.test_all_investors.TestAllInvestorsSorting" name="test_sort_by_evidence_count_desc" time="0.046" /><testcase classname="backend.tests.test_all_investors.TestAllInvestorsSorting" name="test_sort_by_latest_evidence_desc" time="0.038" /><testcase classname="backend.tests.test_all_investors.TestSourceFilterBug" name="test_source_filter_manual_returns_results" time="0.075" /></testsuite></testsuites>