<?xml version="1.0" encoding="utf-8"?><testsuites name="pytest tests"><testsuite name="pytest" errors="0" failures="0" skipped="0" tests="14" time="4.666" timestamp="2026-01-26T20:19:41.523496+00:00" hostname="agent-env-47b995eb-99f7-484b-a63a-71a292fbaace"><testcase classname="backend.tests.test_call_logs.TestCallLogsAPI" name="test_get_call_outcomes_returns_valid_options" time="0.355" /><testcase classname="backend.tests.test_call_logs.TestCallLogsAPI" name="test_get_call_logs_for_fund" time="0.278" /><testcase classname="backend.tests.test_call_logs.TestCallLogsAPI" name="test_get_call_logs_with_investor_filter" time="0.321" /><testcase classname="backend.tests.test_call_logs.TestCallLogsAPI" name="test_get_call_logs_with_date_range_filter" time="0.270" /><testcase classname="backend.tests.test_call_logs.TestCallLogsAPI" name="test_create_call_log_without_task" time="0.381" /><testcase classname="backend.tests.test_call_logs.TestCallLogsAPI" name="test_create_call_log_with_task" time="0.444" /><testcase classname="backend.tests.test_call_logs.TestCallLogsAPI" name="test_create_call_log_validates_outcome" time="0.276" /><testcase classname="backend.tests.test_call_logs.TestCallLogsAPI" name="test_create_call_log_validates_investor" time="0.271" /><testcase classname="backend.tests.test_call_logs.TestCallLogsAPI" name="test_update_call_log" time="0.300" /><testcase classname="backend.tests.test_call_logs.TestCallLogsAPI" name="test_update_call_log_not_found" time="0.267" /><testcase classname="backend.tests.test_call_logs.TestCallLogsAPI" name="test_delete_call_log" time="0.297" /><testcase classname="backend.tests.test_call_logs.TestCallLogsAPI" name="test_delete_call_log_not_found" time="0.269" /><testcase classname="backend.tests.test_call_logs.TestCallLogsAPI" name="test_get_single_call_log" time="0.298" /><testcase classname="backend.tests.test_call_logs.TestCallLogsAPI" name="test_create_call_log_with_all_outcomes" time="0.561" /></testsuite></testsuites>