<?xml version="1.0" encoding="utf-8"?><testsuites name="pytest tests"><testsuite name="pytest" errors="0" failures="0" skipped="0" tests="8" time="2.953" timestamp="2026-01-27T13:44:11.023076+00:00" hostname="agent-env-1a84e2a3-8927-46fe-807f-bd9aaf8a3322"><testcase classname="backend.tests.test_csv_import.TestCSVImportBackend" name="test_login_as_fund_manager" time="0.286" /><testcase classname="backend.tests.test_csv_import.TestCSVImportBackend" name="test_get_my_funds" time="0.312" /><testcase classname="backend.tests.test_csv_import.TestCSVImportBackend" name="test_create_investor_profile_basic" time="0.350" /><testcase classname="backend.tests.test_csv_import.TestCSVImportBackend" name="test_create_multiple_investors_csv_import" time="0.418" /><testcase classname="backend.tests.test_csv_import.TestCSVImportBackend" name="test_duplicate_investor_rejection" time="0.518" /><testcase classname="backend.tests.test_csv_import.TestCSVImportBackend" name="test_investor_profile_with_all_csv_fields" time="0.334" /><testcase classname="backend.tests.test_csv_import.TestCSVImportBackend" name="test_verify_investor_appears_in_fund_list" time="0.339" /><testcase classname="backend.tests.test_csv_import.TestCSVImportBackend" name="test_investor_pipeline_entry_created" time="0.344" /></testsuite></testsuites>