<?xml version="1.0" encoding="utf-8"?><testsuites name="pytest tests"><testsuite name="pytest" errors="0" failures="0" skipped="0" tests="17" time="1.175" timestamp="2026-01-27T17:17:28.559339+00:00" hostname="agent-env-e1573c92-e7b6-4bf6-ab4c-ed2bc72188e1"><testcase classname="backend.tests.test_dashboard_sections_5_6.TestInvestorIntelligenceEndpoint" name="test_investor_intelligence_returns_200" time="0.355" /><testcase classname="backend.tests.test_dashboard_sections_5_6.TestInvestorIntelligenceEndpoint" name="test_investor_intelligence_has_required_fields" time="0.046" /><testcase classname="backend.tests.test_dashboard_sections_5_6.TestInvestorIntelligenceEndpoint" name="test_geography_structure" time="0.044" /><testcase classname="backend.tests.test_dashboard_sections_5_6.TestInvestorIntelligenceEndpoint" name="test_investor_types_structure" time="0.039" /><testcase classname="backend.tests.test_dashboard_sections_5_6.TestInvestorIntelligenceEndpoint" name="test_avg_ticket_by_type_structure" time="0.045" /><testcase classname="backend.tests.test_dashboard_sections_5_6.TestInvestorIntelligenceEndpoint" name="test_fit_score_distribution_structure" time="0.043" /><testcase classname="backend.tests.test_dashboard_sections_5_6.TestInvestorIntelligenceEndpoint" name="test_stage_distribution_structure" time="0.037" /><testcase classname="backend.tests.test_dashboard_sections_5_6.TestInvestorIntelligenceEndpoint" name="test_total_investors_is_positive" time="0.039" /><testcase classname="backend.tests.test_dashboard_sections_5_6.TestExecutionHealthEndpoint" name="test_execution_health_returns_200" time="0.047" /><testcase classname="backend.tests.test_dashboard_sections_5_6.TestExecutionHealthEndpoint" name="test_execution_health_has_required_fields" time="0.048" /><testcase classname="backend.tests.test_dashboard_sections_5_6.TestExecutionHealthEndpoint" name="test_tasks_per_fund_manager_structure" time="0.046" /><testcase classname="backend.tests.test_dashboard_sections_5_6.TestExecutionHealthEndpoint" name="test_overdue_tasks_structure" time="0.090" /><testcase classname="backend.tests.test_dashboard_sections_5_6.TestExecutionHealthEndpoint" name="test_meetings_structure" time="0.056" /><testcase classname="backend.tests.test_dashboard_sections_5_6.TestExecutionHealthEndpoint" name="test_bottlenecks_structure" time="0.045" /><testcase classname="backend.tests.test_dashboard_sections_5_6.TestExecutionHealthEndpoint" name="test_avg_response_time_is_nullable" time="0.047" /><testcase classname="backend.tests.test_dashboard_sections_5_6.TestEndpointAuthentication" name="test_investor_intelligence_requires_auth" time="0.033" /><testcase classname="backend.tests.test_dashboard_sections_5_6.TestEndpointAuthentication" name="test_execution_health_requires_auth" time="0.041" /></testsuite></testsuites>