<?xml version="1.0" encoding="utf-8"?><testsuites name="pytest tests"><testsuite name="pytest" errors="0" failures="0" skipped="0" tests="16" time="1.052" timestamp="2026-01-27T17:06:48.542419+00:00" hostname="agent-env-e1573c92-e7b6-4bf6-ab4c-ed2bc72188e1"><testcase classname="backend.tests.test_dashboard_stats.TestDashboardStats" name="test_dashboard_stats_returns_200" time="0.328" /><testcase classname="backend.tests.test_dashboard_stats.TestDashboardStats" name="test_dashboard_stats_has_required_fields" time="0.045" /><testcase classname="backend.tests.test_dashboard_stats.TestDashboardStats" name="test_dashboard_stats_capital_values_are_numbers" time="0.051" /><testcase classname="backend.tests.test_dashboard_stats.TestDashboardStats" name="test_dashboard_stats_count_values_are_integers" time="0.051" /><testcase classname="backend.tests.test_dashboard_stats.TestDashboardStats" name="test_dashboard_stats_expected_capital_values" time="0.045" /><testcase classname="backend.tests.test_dashboard_stats.TestFundPerformance" name="test_fund_performance_returns_200" time="0.044" /><testcase classname="backend.tests.test_dashboard_stats.TestFundPerformance" name="test_fund_performance_has_funds_array" time="0.042" /><testcase classname="backend.tests.test_dashboard_stats.TestFundPerformance" name="test_fund_performance_fund_has_required_fields" time="0.043" /><testcase classname="backend.tests.test_dashboard_stats.TestFundPerformance" name="test_fund_performance_alerts_structure" time="0.044" /><testcase classname="backend.tests.test_dashboard_stats.TestFundPerformance" name="test_fund_performance_percent_of_goal_calculation" time="0.042" /><testcase classname="backend.tests.test_dashboard_stats.TestFundPerformance" name="test_fund_performance_numeric_fields" time="0.046" /><testcase classname="backend.tests.test_dashboard_stats.TestFundPerformance" name="test_fund_performance_days_since_last_close" time="0.044" /><testcase classname="backend.tests.test_dashboard_stats.TestFundPerformance" name="test_fund_performance_sorted_by_deployed_capital" time="0.045" /><testcase classname="backend.tests.test_dashboard_stats.TestFundPerformance" name="test_fund_performance_log_values" time="0.045" /><testcase classname="backend.tests.test_dashboard_stats.TestDashboardUnauthorized" name="test_dashboard_stats_requires_auth" time="0.044" /><testcase classname="backend.tests.test_dashboard_stats.TestDashboardUnauthorized" name="test_fund_performance_requires_auth" time="0.038" /></testsuite></testsuites>