<?xml version="1.0" encoding="utf-8"?><testsuites name="pytest tests"><testsuite name="pytest" errors="0" failures="0" skipped="0" tests="18" time="6.199" timestamp="2026-01-27T12:08:42.936795+00:00" hostname="agent-env-a17636dc-93e6-4031-9fcd-2c2378bc97a8"><testcase classname="backend.tests.test_duplicate_investors.TestAuthentication" name="test_admin_login" time="0.307" /><testcase classname="backend.tests.test_duplicate_investors.TestAuthentication" name="test_fund_manager_login" time="0.267" /><testcase classname="backend.tests.test_duplicate_investors.TestDuplicateInvestorDetection" name="test_get_duplicate_investors_admin_access" time="0.300" /><testcase classname="backend.tests.test_duplicate_investors.TestDuplicateInvestorDetection" name="test_get_duplicate_investors_fund_manager_denied" time="0.297" /><testcase classname="backend.tests.test_duplicate_investors.TestDuplicateInvestorDetection" name="test_get_duplicate_investors_unauthenticated" time="0.040" /><testcase classname="backend.tests.test_duplicate_investors.TestDuplicateInvestorDetection" name="test_duplicate_group_structure" time="0.299" /><testcase classname="backend.tests.test_duplicate_investors.TestMergeInvestors" name="test_merge_investors_fund_manager_denied" time="0.343" /><testcase classname="backend.tests.test_duplicate_investors.TestMergeInvestors" name="test_merge_investors_invalid_keep_id" time="0.301" /><testcase classname="backend.tests.test_duplicate_investors.TestAdminDeleteInvestor" name="test_delete_investor_fund_manager_denied" time="0.293" /><testcase classname="backend.tests.test_duplicate_investors.TestAdminDeleteInvestor" name="test_delete_investor_not_found" time="0.290" /><testcase classname="backend.tests.test_duplicate_investors.TestDuplicatePrevention" name="test_create_investor_duplicate_name_same_fund" time="0.458" /><testcase classname="backend.tests.test_duplicate_investors.TestDuplicatePrevention" name="test_create_investor_duplicate_name_case_insensitive" time="0.409" /><testcase classname="backend.tests.test_duplicate_investors.TestFundAssignmentLogic" name="test_admin_sees_all_funds" time="0.298" /><testcase classname="backend.tests.test_duplicate_investors.TestFundAssignmentLogic" name="test_fund_manager_sees_only_assigned_funds" time="0.334" /><testcase classname="backend.tests.test_duplicate_investors.TestFundAssignmentLogic" name="test_fund_manager_cannot_access_unassigned_fund" time="0.626" /><testcase classname="backend.tests.test_duplicate_investors.TestInvestorProfileEndpoints" name="test_create_investor_with_relationship_fields" time="0.398" /><testcase classname="backend.tests.test_duplicate_investors.TestInvestorProfileEndpoints" name="test_update_investor_relationship_fields" time="0.403" /><testcase classname="backend.tests.test_duplicate_investors.TestInvestorProfileEndpoints" name="test_get_investor_profile_includes_all_sections" time="0.408" /></testsuite></testsuites>