<?xml version="1.0" encoding="utf-8"?><testsuites name="pytest tests"><testsuite name="pytest" errors="0" failures="0" skipped="0" tests="19" time="6.529" timestamp="2026-01-27T10:18:46.422832+00:00" hostname="agent-env-47b995eb-99f7-484b-a63a-71a292fbaace"><testcase classname="backend.tests.test_evidence.TestEvidenceFeature" name="test_get_confidence_levels" time="0.306" /><testcase classname="backend.tests.test_evidence.TestEvidenceFeature" name="test_get_investor_evidence_empty_or_existing" time="0.278" /><testcase classname="backend.tests.test_evidence.TestEvidenceFeature" name="test_get_investor_evidence_not_found" time="0.272" /><testcase classname="backend.tests.test_evidence.TestEvidenceFeature" name="test_create_evidence_entry_minimal" time="0.363" /><testcase classname="backend.tests.test_evidence.TestEvidenceFeature" name="test_create_evidence_entry_full" time="0.281" /><testcase classname="backend.tests.test_evidence.TestEvidenceFeature" name="test_create_evidence_all_confidence_levels" time="0.473" /><testcase classname="backend.tests.test_evidence.TestEvidenceFeature" name="test_create_evidence_invalid_confidence" time="0.270" /><testcase classname="backend.tests.test_evidence.TestEvidenceFeature" name="test_create_evidence_missing_title" time="0.271" /><testcase classname="backend.tests.test_evidence.TestEvidenceFeature" name="test_capture_evidence_from_extension" time="0.276" /><testcase classname="backend.tests.test_evidence.TestEvidenceFeature" name="test_get_single_evidence_entry" time="0.325" /><testcase classname="backend.tests.test_evidence.TestEvidenceFeature" name="test_get_single_evidence_not_found" time="0.267" /><testcase classname="backend.tests.test_evidence.TestEvidenceFeature" name="test_update_evidence_entry" time="0.326" /><testcase classname="backend.tests.test_evidence.TestEvidenceFeature" name="test_update_evidence_partial" time="0.376" /><testcase classname="backend.tests.test_evidence.TestEvidenceFeature" name="test_update_evidence_not_found" time="0.268" /><testcase classname="backend.tests.test_evidence.TestEvidenceFeature" name="test_update_evidence_invalid_confidence" time="0.375" /><testcase classname="backend.tests.test_evidence.TestEvidenceFeature" name="test_delete_evidence_entry" time="0.329" /><testcase classname="backend.tests.test_evidence.TestEvidenceFeature" name="test_delete_evidence_not_found" time="0.282" /><testcase classname="backend.tests.test_evidence.TestEvidenceFeature" name="test_evidence_entries_newest_first" time="0.669" /><testcase classname="backend.tests.test_evidence.TestEvidenceFeature" name="test_evidence_does_not_modify_investor_profile" time="0.385" /></testsuite></testsuites>