<?xml version="1.0" encoding="utf-8"?><testsuites name="pytest tests"><testsuite name="pytest" errors="0" failures="0" skipped="2" tests="19" time="5.117" timestamp="2026-01-27T13:09:23.904452+00:00" hostname="agent-env-a17636dc-93e6-4031-9fcd-2c2378bc97a8"><testcase classname="backend.tests.test_investor_requests.TestInvestorRequestsFeature" name="test_global_investors_requires_auth" time="0.056" /><testcase classname="backend.tests.test_investor_requests.TestInvestorRequestsFeature" name="test_global_investors_returns_restricted_preview" time="0.277" /><testcase classname="backend.tests.test_investor_requests.TestInvestorRequestsFeature" name="test_global_investors_search_filter" time="0.290" /><testcase classname="backend.tests.test_investor_requests.TestInvestorRequestsFeature" name="test_create_request_requires_auth" time="0.038" /><testcase classname="backend.tests.test_investor_requests.TestInvestorRequestsFeature" name="test_create_request_validates_investor" time="0.316" /><testcase classname="backend.tests.test_investor_requests.TestInvestorRequestsFeature" name="test_create_request_validates_fund_access" time="0.330" /><testcase classname="backend.tests.test_investor_requests.TestInvestorRequestsFeature" name="test_get_my_requests_requires_auth" time="0.036" /><testcase classname="backend.tests.test_investor_requests.TestInvestorRequestsFeature" name="test_get_my_requests_returns_user_requests" time="0.268" /><testcase classname="backend.tests.test_investor_requests.TestInvestorRequestsFeature" name="test_admin_get_requests_requires_admin" time="0.269" /><testcase classname="backend.tests.test_investor_requests.TestInvestorRequestsFeature" name="test_admin_get_requests_returns_all_with_counts" time="0.271" /><testcase classname="backend.tests.test_investor_requests.TestInvestorRequestsFeature" name="test_admin_get_requests_filter_by_status" time="0.297" /><testcase classname="backend.tests.test_investor_requests.TestInvestorRequestsFeature" name="test_approve_request_requires_admin" time="0.269" /><testcase classname="backend.tests.test_investor_requests.TestInvestorRequestsFeature" name="test_approve_request_validates_request_exists" time="0.308" /><testcase classname="backend.tests.test_investor_requests.TestInvestorRequestsFeature" name="test_deny_request_requires_admin" time="0.268" /><testcase classname="backend.tests.test_investor_requests.TestInvestorRequestsFeature" name="test_deny_request_validates_request_exists" time="0.268" /><testcase classname="backend.tests.test_investor_requests.TestInvestorRequestsFeature" name="test_full_request_workflow" time="0.681" /><testcase classname="backend.tests.test_investor_requests.TestInvestorRequestsFeature" name="test_block_duplicate_pending_request" time="0.268"><skipped type="pytest.skip" message="No pending requests to test duplicate blocking">/app/backend/tests/test_investor_requests.py:445: No pending requests to test duplicate blocking</skipped></testcase><testcase classname="backend.tests.test_investor_requests.TestInvestorRequestsFeature" name="test_block_request_for_already_assigned_investor" time="0.285" /><testcase classname="backend.tests.test_investor_requests.TestDenyRequestWorkflow" name="test_deny_request_with_reason" time="0.268"><skipped type="pytest.skip" message="No pending requests to test deny workflow">/app/backend/tests/test_investor_requests.py:548: No pending requests to test deny workflow</skipped></testcase></testsuite></testsuites>