<?xml version="1.0" encoding="utf-8"?><testsuites name="pytest tests"><testsuite name="pytest" errors="0" failures="0" skipped="0" tests="18" time="5.623" timestamp="2026-01-27T12:26:35.654797+00:00" hostname="agent-env-a17636dc-93e6-4031-9fcd-2c2378bc97a8"><testcase classname="backend.tests.test_investor_fund_assignments.TestAuth" name="test_admin_login" time="0.282" /><testcase classname="backend.tests.test_investor_fund_assignments.TestAuth" name="test_fund_manager_login" time="0.267" /><testcase classname="backend.tests.test_investor_fund_assignments.TestGetInvestorAssignments" name="test_get_assignments_as_admin" time="0.340" /><testcase classname="backend.tests.test_investor_fund_assignments.TestGetInvestorAssignments" name="test_get_assignments_as_fund_manager" time="0.426" /><testcase classname="backend.tests.test_investor_fund_assignments.TestGetInvestorAssignments" name="test_get_assignments_invalid_investor" time="0.295" /><testcase classname="backend.tests.test_investor_fund_assignments.TestGetInvestorAssignments" name="test_get_assignments_unauthenticated" time="0.036" /><testcase classname="backend.tests.test_investor_fund_assignments.TestCreateInvestorFundAssignments" name="test_create_assignment_admin_only" time="0.368" /><testcase classname="backend.tests.test_investor_fund_assignments.TestCreateInvestorFundAssignments" name="test_create_assignment_fund_manager_forbidden" time="0.297" /><testcase classname="backend.tests.test_investor_fund_assignments.TestCreateInvestorFundAssignments" name="test_create_assignment_invalid_investor" time="0.294" /><testcase classname="backend.tests.test_investor_fund_assignments.TestCreateInvestorFundAssignments" name="test_prevent_duplicate_assignment" time="0.375" /><testcase classname="backend.tests.test_investor_fund_assignments.TestDeleteInvestorFundAssignment" name="test_delete_assignment_fund_manager_forbidden" time="0.291" /><testcase classname="backend.tests.test_investor_fund_assignments.TestDeleteInvestorFundAssignment" name="test_delete_assignment_invalid_id" time="0.299" /><testcase classname="backend.tests.test_investor_fund_assignments.TestGetFundManagers" name="test_get_fund_managers_as_admin" time="0.335" /><testcase classname="backend.tests.test_investor_fund_assignments.TestGetFundManagers" name="test_get_fund_managers_fund_manager_forbidden" time="0.295" /><testcase classname="backend.tests.test_investor_fund_assignments.TestGetFundManagers" name="test_get_fund_managers_invalid_fund" time="0.294" /><testcase classname="backend.tests.test_investor_fund_assignments.TestAssignmentResponseStructure" name="test_assignment_contains_required_fields" time="0.348" /><testcase classname="backend.tests.test_investor_fund_assignments.TestMultipleFundAssignment" name="test_assign_to_multiple_funds" time="0.391" /><testcase classname="backend.tests.test_investor_fund_assignments.TestPipelineEntryCreation" name="test_assignment_creates_pipeline_entry" time="0.334" /></testsuite></testsuites>