<?xml version="1.0" encoding="utf-8"?><testsuites name="pytest tests"><testsuite name="pytest" errors="0" failures="0" skipped="0" tests="15" time="1.941" timestamp="2026-01-26T17:32:09.763043+00:00" hostname="agent-env-408bb588-38c7-4984-8fda-d59724561a98"><testcase classname="backend.tests.test_mini_profile_feature.TestAuthentication" name="test_fund_manager_login" time="0.331" /><testcase classname="backend.tests.test_mini_profile_feature.TestAuthentication" name="test_admin_login" time="0.260" /><testcase classname="backend.tests.test_mini_profile_feature.TestPipelineStages" name="test_get_pipeline_stages" time="0.353" /><testcase classname="backend.tests.test_mini_profile_feature.TestPipelineStages" name="test_stages_have_required_fields" time="0.044" /><testcase classname="backend.tests.test_mini_profile_feature.TestInvestorProfilesWithPipeline" name="test_get_investor_profiles_with_pipeline" time="0.042" /><testcase classname="backend.tests.test_mini_profile_feature.TestInvestorProfilesWithPipeline" name="test_investor_card_data_fields" time="0.045" /><testcase classname="backend.tests.test_mini_profile_feature.TestInvestorMiniProfile" name="test_mini_profile_quick_identity_fields" time="0.041" /><testcase classname="backend.tests.test_mini_profile_feature.TestInvestorMiniProfile" name="test_mini_profile_contact_fields" time="0.041" /><testcase classname="backend.tests.test_mini_profile_feature.TestInvestorMiniProfile" name="test_mini_profile_investment_context_fields" time="0.040" /><testcase classname="backend.tests.test_mini_profile_feature.TestInvestorMiniProfile" name="test_mini_profile_pipeline_context_fields" time="0.040" /><testcase classname="backend.tests.test_mini_profile_feature.TestInvestorNotes" name="test_get_investor_notes" time="0.085" /><testcase classname="backend.tests.test_mini_profile_feature.TestInvestorNotes" name="test_create_investor_note" time="0.195" /><testcase classname="backend.tests.test_mini_profile_feature.TestInvestorNotes" name="test_delete_investor_note" time="0.155" /><testcase classname="backend.tests.test_mini_profile_feature.TestPipelineMovement" name="test_move_investor_to_stage" time="0.153" /><testcase classname="backend.tests.test_mini_profile_feature.TestTeamMembers" name="test_get_team_members" time="0.039" /></testsuite></testsuites>