<?xml version="1.0" encoding="utf-8"?><testsuites name="pytest tests"><testsuite name="pytest" errors="0" failures="0" skipped="0" tests="13" time="0.784" timestamp="2026-01-26T18:54:55.403613+00:00" hostname="agent-env-47b995eb-99f7-484b-a63a-71a292fbaace"><testcase classname="backend.tests.test_task_manager.TestTaskManagerAPI" name="test_get_tasks_returns_200" time="0.361" /><testcase classname="backend.tests.test_task_manager.TestTaskManagerAPI" name="test_tasks_response_structure" time="0.011" /><testcase classname="backend.tests.test_task_manager.TestTaskManagerAPI" name="test_task_item_structure" time="0.015" /><testcase classname="backend.tests.test_task_manager.TestTaskManagerAPI" name="test_overdue_task_detection" time="0.013" /><testcase classname="backend.tests.test_task_manager.TestTaskManagerAPI" name="test_tasks_sorted_by_priority" time="0.014" /><testcase classname="backend.tests.test_task_manager.TestTaskManagerAPI" name="test_update_due_date" time="0.082" /><testcase classname="backend.tests.test_task_manager.TestTaskManagerAPI" name="test_clear_due_date" time="0.031" /><testcase classname="backend.tests.test_task_manager.TestTaskManagerAPI" name="test_invalid_task_id_format" time="0.051" /><testcase classname="backend.tests.test_task_manager.TestTaskManagerAPI" name="test_nonexistent_investor_task" time="0.010" /><testcase classname="backend.tests.test_task_manager.TestTaskManagerAPI" name="test_invalid_fund_id" time="0.051" /><testcase classname="backend.tests.test_task_manager.TestTaskTypes" name="test_missing_expected_ticket_task" time="0.011" /><testcase classname="backend.tests.test_task_manager.TestTaskTypes" name="test_missing_contact_task" time="0.010" /><testcase classname="backend.tests.test_task_manager.TestTaskAutoResolution" name="test_task_count_changes_after_data_fix" time="0.011" /></testsuite></testsuites>