<?xml version="1.0" encoding="utf-8"?><testsuites name="pytest tests"><testsuite name="pytest" errors="0" failures="0" skipped="0" tests="15" time="4.909" timestamp="2026-01-26T19:19:47.945376+00:00" hostname="agent-env-47b995eb-99f7-484b-a63a-71a292fbaace"><testcase classname="backend.tests.test_user_tasks.TestUserTasksAPI" name="test_get_task_templates_returns_all_stages" time="0.317" /><testcase classname="backend.tests.test_user_tasks.TestUserTasksAPI" name="test_task_templates_have_valid_content" time="0.270" /><testcase classname="backend.tests.test_user_tasks.TestUserTasksAPI" name="test_create_user_task_with_all_fields" time="0.341" /><testcase classname="backend.tests.test_user_tasks.TestUserTasksAPI" name="test_create_user_task_minimal_fields" time="0.334" /><testcase classname="backend.tests.test_user_tasks.TestUserTasksAPI" name="test_create_user_task_with_investor" time="0.296" /><testcase classname="backend.tests.test_user_tasks.TestUserTasksAPI" name="test_create_user_task_invalid_fund" time="0.269" /><testcase classname="backend.tests.test_user_tasks.TestUserTasksAPI" name="test_get_user_tasks_returns_only_user_created" time="0.354" /><testcase classname="backend.tests.test_user_tasks.TestUserTasksAPI" name="test_get_all_tasks_returns_combined" time="0.273" /><testcase classname="backend.tests.test_user_tasks.TestUserTasksAPI" name="test_all_tasks_sorted_correctly" time="0.276" /><testcase classname="backend.tests.test_user_tasks.TestUserTasksAPI" name="test_complete_user_task" time="0.432" /><testcase classname="backend.tests.test_user_tasks.TestUserTasksAPI" name="test_complete_task_reduces_count" time="0.410" /><testcase classname="backend.tests.test_user_tasks.TestUserTasksAPI" name="test_complete_nonexistent_task" time="0.270" /><testcase classname="backend.tests.test_user_tasks.TestUserTasksAPI" name="test_delete_user_task" time="0.342" /><testcase classname="backend.tests.test_user_tasks.TestUserTasksAPI" name="test_delete_nonexistent_task" time="0.273" /><testcase classname="backend.tests.test_user_tasks.TestUserTasksAPI" name="test_update_user_task" time="0.375" /></testsuite></testsuites>